<?xml version="1.0" encoding="UTF-8"?>
<!-- Generated by org.testng.reporters.JUnitReportReporter -->
<testsuite skipped="0" hostname="Mustafa" name="com.test.ReqRes" tests="1" failures="0" timestamp="19 Feb 2023 13:33:46 GMT" time="3.753" errors="0">
  <testcase name="deleteMethod" time="3.753" classname="com.test.ReqRes"/>
</testsuite> <!-- com.test.ReqRes -->
