<?xml version="1.0" encoding="UTF-8"?>
<!-- Generated by org.testng.reporters.JUnitReportReporter -->
<testsuite skipped="0" hostname="Mustafa" name="com.test.Test1" tests="3" failures="0" timestamp="18 Feb 2023 09:09:54 GMT" time="20.108" errors="0">
  <testcase name="postMethod" time="7.718" classname="com.test.Test1"/>
  <testcase name="deleteMethod" time="9.399" classname="com.test.Test1"/>
  <testcase name="putMethod" time="2.991" classname="com.test.Test1"/>
</testsuite> <!-- com.test.Test1 -->
