<?xml version="1.0" encoding="UTF-8"?>
<!-- Generated by org.testng.reporters.JUnitReportReporter -->
<testsuite skipped="0" hostname="Mustafa" name="com.test.ReqRes" tests="1" failures="0" timestamp="2 Mar 2023 07:15:43 GMT" time="2.333" errors="0">
  <testcase name="getMethod1" time="2.333" classname="com.test.ReqRes"/>
</testsuite> <!-- com.test.ReqRes -->
