<?xml version="1.0" encoding="UTF-8"?>
<!-- Generated by org.testng.reporters.JUnitReportReporter -->
<testsuite skipped="0" hostname="Mustafa" name="com.demo.MyAPILocalHost3000" tests="1" failures="0" timestamp="23 Feb 2023 11:52:30 GMT" time="3.156" errors="0">
  <testcase name="getMethod" time="3.156" classname="com.demo.MyAPILocalHost3000"/>
</testsuite> <!-- com.demo.MyAPILocalHost3000 -->
