<?xml version="1.0" encoding="UTF-8"?>
<!-- Generated by org.testng.reporters.JUnitReportReporter -->
<testsuite skipped="0" hostname="Mustafa" name="com.test.ReqRes2" tests="3" failures="0" timestamp="19 Feb 2023 11:27:29 GMT" time="3.177" errors="0">
  <testcase name="postMethod" time="1.969" classname="com.test.ReqRes2"/>
  <testcase name="deleteMethod" time="0.586" classname="com.test.ReqRes2"/>
  <testcase name="putMethod" time="0.622" classname="com.test.ReqRes2"/>
</testsuite> <!-- com.test.ReqRes2 -->
