<?xml version="1.0" encoding="UTF-8"?>
<!-- Generated by org.testng.reporters.JUnitReportReporter -->
<testsuite skipped="0" hostname="Mustafa" name="com.demo.MyAPI" tests="1" failures="0" timestamp="18 Feb 2023 12:31:51 GMT" time="3.264" errors="0">
  <testcase name="deleteMethod" time="3.264" classname="com.demo.MyAPI"/>
</testsuite> <!-- com.demo.MyAPI -->
