<?xml version="1.0" encoding="UTF-8"?>
<!-- Generated by org.testng.reporters.JUnitReportReporter -->
<testsuite skipped="0" hostname="Mustafa" name="com.test.ReqRes" tests="1" failures="0" timestamp="21 Feb 2023 18:12:47 GMT" time="1.615" errors="0">
  <testcase name="getMethod1" time="1.615" classname="com.test.ReqRes"/>
</testsuite> <!-- com.test.ReqRes -->
