<?xml version="1.0" encoding="UTF-8"?>
<!-- Generated by org.testng.reporters.JUnitReportReporter -->
<testsuite skipped="0" hostname="Mustafa" name="com.demo.MyAPILocalHost3000" tests="2" failures="0" timestamp="19 Feb 2023 17:45:26 GMT" time="5.668" errors="0">
  <testcase name="deleteMethod" time="2.083" classname="com.demo.MyAPILocalHost3000"/>
  <testcase name="postMethod" time="3.585" classname="com.demo.MyAPILocalHost3000"/>
</testsuite> <!-- com.demo.MyAPILocalHost3000 -->
